<?xml version="1.0" encoding="UTF-8"?>
<!-- Generated by org.testng.reporters.JUnitReportReporter -->
<testsuite hostname="DESKTOP-88FLBF9" failures="0" tests="1" name="projectActivities.correctIncorrectLogin_PopUps" time="33.659" errors="0" timestamp="2020-09-23T21:42:56 IST" skipped="0">
  <testcase classname="projectActivities.correctIncorrectLogin_PopUps" name="PopUpsLogin" time="33.659"/>
</testsuite> <!-- projectActivities.correctIncorrectLogin_PopUps -->
