<?xml version="1.0" encoding="UTF-8"?>
<!-- Generated by org.testng.reporters.JUnitReportReporter -->
<testsuite hostname="DESKTOP-88FLBF9" failures="0" tests="1" name="projectActivities.createTodoList" time="34.318" errors="0" timestamp="2020-09-23T21:42:56 IST" skipped="0">
  <testcase classname="projectActivities.createTodoList" name="listDetails" time="34.318"/>
</testsuite> <!-- projectActivities.createTodoList -->
