<?xml version="1.0" encoding="UTF-8"?>
<!-- Generated by org.testng.reporters.JUnitReportReporter -->
<testsuite hostname="DESKTOP-88FLBF9" failures="0" tests="1" name="projectActivities.correctincorrectLogin" time="25.649" errors="0" timestamp="2020-09-23T21:42:55 IST" skipped="0">
  <testcase classname="projectActivities.correctincorrectLogin" name="ValidLogin" time="25.649"/>
</testsuite> <!-- projectActivities.correctincorrectLogin -->
